2022-08-29 12:52:12.943  INFO 15361 --- [main] lavalink.server.Launcher                 : 

[32m       .  [31m _                  _ _       _    [32m__ _ _
[32m      /\\ [31m| | __ ___   ____ _| (_)_ __ | | __[32m\ \ \ \
[32m     ( ( )[31m| |/ _` \ \ / / _` | | | '_ \| |/ /[32m \ \ \ \
[32m      \\/ [31m| | (_| |\ V / (_| | | | | | |   < [32m  ) ) ) )
[32m       '  [31m|_|\__,_| \_/ \__,_|_|_|_| |_|_|\_\[32m / / / /
[0m    =========================================[32m/_/_/_/[0m

	Version:        4d005aa65d398ec9e494e9ea2f30221b3910b7df-SNAPSHOT
	Build:          1365
	Build time:     25.06.2022 13:57:44 UTC
	Branch          master
	Commit:         4d005aa
	Commit time:    25.06.2022 13:52:17 UTC
	JVM:            17.0.4
	Lavaplayer      1.3.96-original

2022-08-29 12:52:13.042  INFO 15361 --- [main] lavalink.server.Launcher                 : Starting Launcher on bots with PID 15361 (/home/ubuntu/Ayano/Ayano.Core/Lavalink/Lavalink.jar started by ubuntu in /home/ubuntu/Ayano/Ayano.Core/Lavalink)
2022-08-29 12:52:13.043  INFO 15361 --- [main] lavalink.server.Launcher                 : No active profile set, falling back to default profiles: default
2022-08-29 12:52:13.142  WARN 15361 --- [background-preinit] o.s.h.c.j.Jackson2ObjectMapperBuilder    : For Jackson Kotlin classes support please add "com.fasterxml.jackson.module:jackson-module-kotlin" to the classpath
2022-08-29 12:52:14.187  WARN 15361 --- [main] io.undertow.websockets.jsr               : UT026010: Buffer pool was not set on WebSocketDeploymentInfo, the default pool will be used
2022-08-29 12:52:14.209  INFO 15361 --- [main] io.undertow.servlet                      : Initializing Spring embedded WebApplicationContext
2022-08-29 12:52:14.210  INFO 15361 --- [main] o.s.web.context.ContextLoader            : Root WebApplicationContext: initialization completed in 1103 ms
2022-08-29 12:52:14.555  WARN 15361 --- [main] l.server.config.SentryConfiguration      : Turning off sentry
2022-08-29 12:52:14.819  INFO 15361 --- [main] c.s.d.l.tools.GarbageCollectionMonitor   : GC monitoring enabled, reporting results every 2 minutes.
2022-08-29 12:52:14.975  INFO 15361 --- [main] lavalink.server.config.KoeConfiguration  : OS: Linux, Arch: aarch64
2022-08-29 12:52:14.975  WARN 15361 --- [main] lavalink.server.config.KoeConfiguration  : This system and architecture appears to not support native audio sending! GC pauses may cause your bot to stutter during playback.
2022-08-29 12:52:15.206  INFO 15361 --- [main] o.s.s.concurrent.ThreadPoolTaskExecutor  : Initializing ExecutorService 'applicationTaskExecutor'
2022-08-29 12:52:15.477  INFO 15361 --- [main] org.xnio                                 : XNIO version 3.3.8.Final
2022-08-29 12:52:15.486  INFO 15361 --- [main] org.xnio.nio                             : XNIO NIO Implementation Version 3.3.8.Final
2022-08-29 12:52:15.539  INFO 15361 --- [main] o.s.b.w.e.u.UndertowServletWebServer     : Undertow started on port(s) 2333 (http) with context path ''
2022-08-29 12:52:15.543  INFO 15361 --- [main] lavalink.server.Launcher                 : Started Launcher in 3.025 seconds (JVM running for 3.399)
2022-08-29 12:52:15.544  INFO 15361 --- [main] lavalink.server.Launcher                 : You can safely ignore the big red warning about illegal reflection. See https://github.com/freyacodes/Lavalink/issues/295
2022-08-29 13:32:24.850  INFO 15361 --- [Thread-1] o.s.s.concurrent.ThreadPoolTaskExecutor  : Shutting down ExecutorService 'applicationTaskExecutor'
2022-08-29 13:32:24.851  INFO 15361 --- [Thread-1] c.s.d.l.tools.GarbageCollectionMonitor   : GC monitoring disabled.
